
Description  : Deploy, configure, update a Kubernetes cluster in Azure Container Service by running helm commands
Version      : 1.259.3
Author       : Microsoft Corporation
Help         : https://aka.ms/azpipes-helm-tsg
==============================================================================
/usr/local/bin/kubelogin convert-kubeconfig -l workloadidentity

/mnt/vss/_work/_tool/helm/3.18.6/x64/linux-amd64/helm upgrade --namespace prod --install --values /mnt/vss/_work/1/s/simple-node-ui/simple-node-ui-chart/values.yaml --wait --install --create-namespace --set image.repository=abbz5nv7k.azurecr.io/simple-node-ui --set image.tag=25 simple-node-ui /mnt/vss/_work/1/s/simple-node-ui/simple-node-ui-chart
Release "simple-node-ui" has been upgraded. Happy Helming!
NAME: simple-node-ui
LAST DEPLOYED: Sun Aug 24 13:03:55 2025
NAMESPACE: prod
STATUS: deployed
REVISION: 3
TEST SUITE: None
/usr/local/bin/kubectl cluster-info
Kubernetes control plane is running at https://abb-aks-z5nv7k-oc51arkz.hcp.eastus.azmk8s.io:443
CoreDNS is running at https://abb-aks-z5nv7k-oc51arkz.hcp.eastus.azmk8s.io:443/api/v1/namespaces/kube-system/services/kube-dns:dns/proxy
Metrics-server is running at https://abb-aks-z5nv7k-oc51arkz.hcp.eastus.azmk8s.io:443/api/v1/namespaces/kube-system/services/https:metrics-server:/proxy

To further debug and diagnose cluster problems, use 'kubectl cluster-info dump'.
Finishing: HelmDeploy
